%!Adobe-FontList 1.18
%Locale:0x409

%BeginFont
Handler:DirectoryHandler
FontType:Suitcase
FontName:AkzidenzGroteskBE-Cn
OutlineFileName:\Akzidenz Grotesk
ResourceID:13829
MacStyle:0
FileLength:144720
FileModTime:876241580
%EndFont

%BeginFont
Handler:DirectoryHandler
FontType:Suitcase
FontName:AkzidenzGroteskBE-BoldCn
OutlineFileName:\Akzidenz Grotesk
ResourceID:13829
MacStyle:1
FileLength:144720
FileModTime:876241580
%EndFont

%BeginFont
Handler:DirectoryHandler
FontType:Suitcase
FontName:AkzidenzGroteskBE-BoldCn
OutlineFileName:\Akzidenz Grotesk
ResourceID:11455
MacStyle:0
FileLength:144720
FileModTime:876241580
%EndFont

%BeginFont
Handler:DirectoryHandler
FontType:Suitcase
FontName:AkzidenzGroteskBE-BoldEx
OutlineFileName:\Akzidenz Grotesk
ResourceID:11441
MacStyle:0
FileLength:144720
FileModTime:876241580
%EndFont

%BeginFont
Handler:DirectoryHandler
FontType:Suitcase
FontName:AkzidenzGroteskBE-BoldExIt
OutlineFileName:\Akzidenz Grotesk
ResourceID:11441
MacStyle:2
FileLength:144720
FileModTime:876241580
%EndFont

%BeginFont
Handler:DirectoryHandler
FontType:Suitcase
FontName:AkzidenzGroteskBE-BoldExIt
OutlineFileName:\Akzidenz Grotesk
ResourceID:5899
MacStyle:0
FileLength:144720
FileModTime:876241580
%EndFont

%BeginFont
Handler:DirectoryHandler
FontType:Suitcase
FontName:AkzidenzGroteskBE-Ex
OutlineFileName:\Akzidenz Grotesk
ResourceID:11440
MacStyle:0
FileLength:144720
FileModTime:876241580
%EndFont

%BeginFont
Handler:DirectoryHandler
FontType:Suitcase
FontName:AkzidenzGroteskBE-MdEx
OutlineFileName:\Akzidenz Grotesk
ResourceID:11440
MacStyle:1
FileLength:144720
FileModTime:876241580
%EndFont

%BeginFont
Handler:DirectoryHandler
FontType:Suitcase
FontName:AkzidenzGroteskBE-LightCn
OutlineFileName:\Akzidenz Grotesk
ResourceID:11457
MacStyle:0
FileLength:144720
FileModTime:876241580
%EndFont

%BeginFont
Handler:DirectoryHandler
FontType:Suitcase
FontName:AkzidenzGroteskBE-LightEx
OutlineFileName:\Akzidenz Grotesk
ResourceID:11443
MacStyle:0
FileLength:144720
FileModTime:876241580
%EndFont

%BeginFont
Handler:DirectoryHandler
FontType:Suitcase
FontName:AkzidenzGroteskBE-MdCn
OutlineFileName:\Akzidenz Grotesk
ResourceID:11456
MacStyle:0
FileLength:144720
FileModTime:876241580
%EndFont

%BeginFont
Handler:DirectoryHandler
FontType:Suitcase
FontName:AkzidenzGroteskBE-MdCnIt
OutlineFileName:\Akzidenz Grotesk
ResourceID:11456
MacStyle:2
FileLength:144720
FileModTime:876241580
%EndFont

%BeginFont
Handler:DirectoryHandler
FontType:Suitcase
FontName:AkzidenzGroteskBE-MdCnIt
OutlineFileName:\Akzidenz Grotesk
ResourceID:11452
MacStyle:0
FileLength:144720
FileModTime:876241580
%EndFont

%BeginFont
Handler:DirectoryHandler
FontType:Suitcase
FontName:AkzidenzGroteskBE-MdEx
OutlineFileName:\Akzidenz Grotesk
ResourceID:11442
MacStyle:0
FileLength:144720
FileModTime:876241580
%EndFont

%BeginFont
Handler:DirectoryHandler
FontType:Suitcase
FontName:AkzidenzGroteskBE-XBd
OutlineFileName:\Akzidenz Grotesk
ResourceID:13832
MacStyle:0
FileLength:144720
FileModTime:876241580
%EndFont

%BeginFont
Handler:DirectoryHandler
FontType:Suitcase
FontName:AkzidenzGroteskBE-XBdCn
OutlineFileName:\Akzidenz Grotesk
ResourceID:13830
MacStyle:0
FileLength:144720
FileModTime:876241580
%EndFont

%BeginFont
Handler:DirectoryHandler
FontType:Suitcase
FontName:AkzidenzGroteskBE-XBdCnIt
OutlineFileName:\Akzidenz Grotesk
ResourceID:13830
MacStyle:2
FileLength:144720
FileModTime:876241580
%EndFont

%BeginFont
Handler:DirectoryHandler
FontType:Suitcase
FontName:AkzidenzGroteskBE-XBdCnIt
OutlineFileName:\Akzidenz Grotesk
ResourceID:13831
MacStyle:0
FileLength:144720
FileModTime:876241580
%EndFont

%BeginFont
Handler:DirectoryHandler
FontType:Type1
FontName:AkzidenzGroteskBE-MdEx
FamilyName:Berthold Akzidenz Grotesk
StyleName:Medium Extended
MenuName:Akzidenz Grotesk BE Ex
StyleBits:0
WeightClass:500
WidthClass:7
AngleClass:0
FullName:Berthold Akzidenz Grotesk BE Medium Extended
WritingScript:Roman
OutlineFileName:\AkzidGroBEMdEx
DataFormat:POSTResource
UsesStandardEncoding:yes
isCFF:no
hasSVG:no
FileLength:34466
FileModTime:748661966
DesignSize:-1
%EndFont

%BeginFont
Handler:DirectoryHandler
FontType:TrueType
FontName:PTSans-Regular
FamilyName:PT Sans
StyleName:Regular
MenuName:PT Sans
StyleBits:0
WeightClass:400
WidthClass:5
AngleClass:0
FullName:PT Sans
WritingScript:Roman
OutlineFileName:\PTSans.ttc
TTCOffset:56
DataFormat:sfntData
hasSVG:no
FileLength:2763776
FileModTime:1386367192
NameArray:0,Mac,18,PT Sans
NameArray:0,Mac,4,PT Sans
NameArray:0,Win,1,PT Sans
%EndFont

%BeginFont
Handler:DirectoryHandler
FontType:TrueType
FontName:PTSans-Italic
FamilyName:PT Sans
StyleName:Italic
MenuName:PT Sans
StyleBits:1
WeightClass:400
WidthClass:5
AngleClass:1
FullName:PT Sans Italic
WritingScript:Roman
OutlineFileName:\PTSans.ttc
TTCOffset:372
DataFormat:sfntData
hasSVG:no
FileLength:2763776
FileModTime:1386367192
NameArray:0,Mac,18,PT Sans Italic
NameArray:0,Mac,4,PT Sans Italic
NameArray:0,Win,1,PT Sans
%EndFont

%BeginFont
Handler:DirectoryHandler
FontType:TrueType
FontName:PTSans-NarrowBold
FamilyName:PT Sans Narrow
StyleName:Bold
MenuName:PT Sans Narrow
StyleBits:2
WeightClass:700
WidthClass:3
AngleClass:0
FullName:PT Sans Narrow Bold
WritingScript:Roman
OutlineFileName:\PTSans.ttc
TTCOffset:688
DataFormat:sfntData
hasSVG:no
FileLength:2763776
FileModTime:1386367192
NameArray:0,Mac,18,PT Sans Narrow Bold
NameArray:0,Mac,4,PT Sans Narrow Bold
NameArray:0,Win,1,PT Sans Narrow
%EndFont

%BeginFont
Handler:DirectoryHandler
FontType:TrueType
FontName:PTSans-Narrow
FamilyName:PT Sans Narrow
StyleName:Regular
MenuName:PT Sans Narrow
StyleBits:0
WeightClass:400
WidthClass:3
AngleClass:0
FullName:PT Sans Narrow
WritingScript:Roman
OutlineFileName:\PTSans.ttc
TTCOffset:1004
DataFormat:sfntData
hasSVG:no
FileLength:2763776
FileModTime:1386367192
NameArray:0,Mac,18,PT Sans Narrow
NameArray:0,Mac,4,PT Sans Narrow
NameArray:0,Win,1,PT Sans Narrow
%EndFont

%BeginFont
Handler:DirectoryHandler
FontType:TrueType
FontName:PTSans-CaptionBold
FamilyName:PT Sans Caption
StyleName:Bold
MenuName:PT Sans Caption
StyleBits:2
WeightClass:700
WidthClass:5
AngleClass:0
FullName:PT Sans Caption Bold
WritingScript:Roman
OutlineFileName:\PTSans.ttc
TTCOffset:1320
DataFormat:sfntData
hasSVG:no
FileLength:2763776
FileModTime:1386367192
NameArray:0,Mac,18,PT Sans Caption Bold
NameArray:0,Mac,4,PT Sans Caption Bold
NameArray:0,Win,1,PT Sans Caption
%EndFont

%BeginFont
Handler:DirectoryHandler
FontType:TrueType
FontName:PTSans-Caption
FamilyName:PT Sans Caption
StyleName:Regular
MenuName:PT Sans Caption
StyleBits:0
WeightClass:400
WidthClass:5
AngleClass:0
FullName:PT Sans Caption
WritingScript:Roman
OutlineFileName:\PTSans.ttc
TTCOffset:1636
DataFormat:sfntData
hasSVG:no
FileLength:2763776
FileModTime:1386367192
NameArray:0,Mac,18,PT Sans Caption
NameArray:0,Mac,4,PT Sans Caption
NameArray:0,Win,1,PT Sans Caption
%EndFont

%BeginFont
Handler:DirectoryHandler
FontType:TrueType
FontName:PTSans-BoldItalic
FamilyName:PT Sans
StyleName:Bold Italic
MenuName:PT Sans
StyleBits:3
WeightClass:700
WidthClass:5
AngleClass:1
FullName:PT Sans Bold Italic
WritingScript:Roman
OutlineFileName:\PTSans.ttc
TTCOffset:1952
DataFormat:sfntData
hasSVG:no
FileLength:2763776
FileModTime:1386367192
NameArray:0,Mac,18,PT Sans Bold Italic
NameArray:0,Mac,4,PT Sans Bold Italic
NameArray:0,Win,1,PT Sans
%EndFont

%BeginFont
Handler:DirectoryHandler
FontType:TrueType
FontName:PTSans-Bold
FamilyName:PT Sans
StyleName:Bold
MenuName:PT Sans
StyleBits:2
WeightClass:700
WidthClass:5
AngleClass:0
FullName:PT Sans Bold
WritingScript:Roman
OutlineFileName:\PTSans.ttc
TTCOffset:2268
DataFormat:sfntData
hasSVG:no
FileLength:2763776
FileModTime:1386367192
NameArray:0,Mac,18,PT Sans Bold
NameArray:0,Mac,4,PT Sans Bold
NameArray:0,Win,1,PT Sans
%EndFont

%BeginFont
Handler:DirectoryHandler
FontType:Type1
FontName:RedFive
FamilyName:Red Five
StyleName:Regular
MenuName:RedFive
StyleBits:0
WeightClass:400
WidthClass:5
AngleClass:0
FullName:RedFive
WritingScript:Roman
OutlineFileName:\RedFiv
DataFormat:POSTResource
UsesStandardEncoding:no
isCFF:no
hasSVG:no
FileLength:27055
FileModTime:926647384
DesignSize:-1
%EndFont

%BeginFont
Handler:DirectoryHandler
FontType:Suitcase
FontName:RedFive
OutlineFileName:\RedFive.bmap
ResourceID:6930
MacStyle:0
FileLength:4218
FileModTime:926647808
%EndFont

